<?xml version="1.0" encoding="UTF-8"?>
<!-- Generated by org.testng.reporters.JUnitReportReporter -->
<testsuite skipped="0" name="script.SignOut" tests="1" failures="0" timestamp="27 Oct 2017 04:27:46 GMT" time="378.341" errors="0">
  <testcase name="testSignOut" time="378.341" classname="script.SignOut"/>
</testsuite> <!-- script.SignOut -->
