<?xml version="1.0" encoding="UTF-8"?>
<!-- Generated by org.testng.reporters.JUnitReportReporter -->
<testsuite skipped="0" name="script.VerifyInvalidCCNumberErrorMsg" tests="1" failures="0" timestamp="02 Nov 2017 09:11:30 GMT" time="696.024" errors="0">
  <testcase name="testInvalidCCErrorMsg" time="696.024" classname="script.VerifyInvalidCCNumberErrorMsg"/>
</testsuite> <!-- script.VerifyInvalidCCNumberErrorMsg -->
