<?xml version="1.0" encoding="UTF-8"?>
<!-- Generated by org.testng.reporters.JUnitReportReporter -->
<testsuite skipped="0" hostname="TYSS-4F-045" name="script.VerifyQuantityDecrease" tests="1" failures="0" timestamp="03 Nov 2017 06:26:21 GMT" time="511.716" errors="0">
  <testcase name="testVerifyQuantityDecrease" time="511.716" classname="script.VerifyQuantityDecrease"/>
</testsuite> <!-- script.VerifyQuantityDecrease -->
