<?xml version="1.0" encoding="UTF-8"?>
<!-- Generated by org.testng.reporters.JUnitReportReporter -->
<testsuite skipped="0" name="script.VerifyInvalidCVVErrorMsg" tests="1" failures="0" timestamp="02 Nov 2017 10:41:36 GMT" time="684.039" errors="0">
  <testcase name="testInvalidCVVErrorMsg" time="684.039" classname="script.VerifyInvalidCVVErrorMsg"/>
</testsuite> <!-- script.VerifyInvalidCVVErrorMsg -->
