<?xml version="1.0" encoding="UTF-8"?>
<!-- Generated by org.testng.reporters.JUnitReportReporter -->
<testsuite skipped="0" hostname="TYSS-4F-045" name="script.VerifyInvalidCardNameErrorMsg" tests="1" failures="0" timestamp="02 Nov 2017 10:13:58 GMT" time="689.946" errors="0">
  <testcase name="testInvalidCardNameErrorMsg" time="689.946" classname="script.VerifyInvalidCardNameErrorMsg"/>
</testsuite> <!-- script.VerifyInvalidCardNameErrorMsg -->
