<?xml version="1.0" encoding="UTF-8"?>
<!-- Generated by org.testng.reporters.JUnitReportReporter -->
<testsuite skipped="0" name="script.VerifyQuantityIncrease" tests="1" failures="0" timestamp="03 Nov 2017 06:02:45 GMT" time="582.935" errors="0">
  <testcase name="testVerifyQuantityIncrease" time="582.935" classname="script.VerifyQuantityIncrease"/>
</testsuite> <!-- script.VerifyQuantityIncrease -->
