<?xml version="1.0" encoding="UTF-8"?>
<!-- Generated by org.testng.reporters.JUnitReportReporter -->
<testsuite skipped="0" name="script.VerifyCartItemDelete" tests="1" failures="0" timestamp="03 Nov 2017 06:42:34 GMT" time="521.649" errors="0">
  <testcase name="testCartItemDelete" time="521.649" classname="script.VerifyCartItemDelete"/>
</testsuite> <!-- script.VerifyCartItemDelete -->
