<?xml version="1.0" encoding="UTF-8"?>
<!-- Generated by org.testng.reporters.JUnitReportReporter -->
<testsuite skipped="0" name="script.VerifyCartItemDisplay" tests="1" failures="0" timestamp="03 Nov 2017 05:36:27 GMT" time="494.373" errors="0">
  <testcase name="testverifyCartItemDisplay" time="494.373" classname="script.VerifyCartItemDisplay"/>
</testsuite> <!-- script.VerifyCartItemDisplay -->
